Timestamp	Process	TID	Area	Category	EventID	Level	Message	Correlation
05/10/2025 22:04:29.893	EXCEL (0x3F60)	0x674	Microsoft Excel	WebServiceApi	4qhrp	Medium	[ServiceRequest] Cache Record Found {"CacheKey":"https://officeclient.microsoft.com/config16/?lcid=2057&syslcid=2057&uilcid=2057&build=16.0.18730&telemetryRegion=GLOBAL&crev=3"}	6B913675-9D3C-4127-A84A-E91B93F34EC5
05/10/2025 22:04:29.899	EXCEL (0x3F60)	0x674	Microsoft Excel	WebServiceApi	4qhrm	Medium	[ServiceRequest] Cache Data Found | [FileRequest] Succeed {"CacheKey":"https://officeclient.microsoft.com/config16/?lcid=2057&syslcid=2057&uilcid=2057&build=16.0.18730&telemetryRegion=GLOBAL&crev=3"}	6B913675-9D3C-4127-A84A-E91B93F34EC5
05/10/2025 22:04:30.305	EXCEL (0x3F60)	0x42A8	Microsoft Excel	Identity Authentication Client	4rinx	Medium	FindUnmigratedIdentitiesImpl: IdP not supported by OneAuth {"SignInName":""}	
05/10/2025 22:04:32.541	EXCEL (0x3F60)	0x2D30	Microsoft Excel	ODP Sandbox Activation	5d7xn	Monitorable	Task to create OsfControl for PreWarm WV2 {"PredictedDelayForPreWarmWV2":5}	
05/10/2025 22:04:32.542	EXCEL (0x3F60)	0x2D30	Microsoft Excel	Document AutoCreate Locations	bve2p	Medium	Trying to get default document URL for service {"DocumentFolderUrl":"https://4thir0-my.sharepoint.com/personal/e_kuwornu_4th-ir_com/Documents"}	
05/10/2025 22:04:32.548	EXCEL (0x3F60)	0x674	Microsoft Excel	Document AutoCreate Locations	bve2p	Medium	Trying to get default document URL for service {"DocumentFolderUrl":"https://4thir0-my.sharepoint.com/personal/e_kuwornu_4th-ir_com/Documents"}	
05/10/2025 22:04:32.551	EXCEL (0x3F60)	0x21D0	Microsoft Excel	Disco	4vzbo	Medium	SHAM file does not exist, so we will not open it {"Path":"O:{1}"}	
05/10/2025 22:04:32.551	EXCEL (0x3F60)	0x21D0	Microsoft Excel	Disco	4vzbo	Medium	SHAM file does not exist, so we will not open it {"Path":"O:{2}"}	
05/10/2025 22:04:32.551	EXCEL (0x3F60)	0x21D0	Microsoft Excel	Disco	4vzbo	Medium	SHAM file does not exist, so we will not open it {"Path":"O:{3}"}	
05/10/2025 22:04:32.551	EXCEL (0x3F60)	0x21D0	Microsoft Excel	Disco	4vzbo	Medium	SHAM file does not exist, so we will not open it {"Path":"O:{4}"}	
05/10/2025 22:04:32.551	EXCEL (0x3F60)	0x21D0	Microsoft Excel	Disco	4vzbo	Medium	SHAM file does not exist, so we will not open it {"Path":"O:{5}"}	
05/10/2025 22:04:32.551	EXCEL (0x3F60)	0x21D0	Microsoft Excel	Disco	4vzbo	Medium	SHAM file does not exist, so we will not open it {"Path":"O:{6}"}	
05/10/2025 22:04:32.551	EXCEL (0x3F60)	0x21D0	Microsoft Excel	Disco	4vzbo	Medium	SHAM file does not exist, so we will not open it {"Path":"O:{7}"}	
05/10/2025 22:04:32.553	EXCEL (0x3F60)	0x21D0	Microsoft Excel	Disco	4vzbo	Medium	SHAM file does not exist, so we will not open it {"Path":"O:{8}"}	
05/10/2025 22:04:32.553	EXCEL (0x3F60)	0x21D0	Microsoft Excel	Disco	4vzbo	Medium	SHAM file does not exist, so we will not open it {"Path":"O:{9}"}	
05/10/2025 22:04:32.553	EXCEL (0x3F60)	0x21D0	Microsoft Excel	Disco	4vzbo	Medium	SHAM file does not exist, so we will not open it {"Path":"O:{10}"}	
05/10/2025 22:04:32.553	EXCEL (0x3F60)	0x21D0	Microsoft Excel	Syzygy	912b2	Medium	Destroying namespace. {"Path":"O:{11}"}	
05/10/2025 22:04:32.553	EXCEL (0x3F60)	0x21D0	Microsoft Excel	Disco	4vzbo	Medium	SHAM file does not exist, so we will not open it {"Path":"O:{12}"}	
05/10/2025 22:04:32.553	EXCEL (0x3F60)	0x21D0	Microsoft Excel	Disco	4vzbo	Medium	SHAM file does not exist, so we will not open it {"Path":"O:{13}"}	
05/10/2025 22:04:32.553	EXCEL (0x3F60)	0x21D0	Microsoft Excel	Disco	4vzbo	Medium	SHAM file does not exist, so we will not open it {"Path":"O:{14}"}	
05/10/2025 22:04:32.553	EXCEL (0x3F60)	0x21D0	Microsoft Excel	Disco	4vzbo	Medium	SHAM file does not exist, so we will not open it {"Path":"O:{15}"}	
05/10/2025 22:04:32.553	EXCEL (0x3F60)	0x21D0	Microsoft Excel	Disco	4vzbo	Medium	SHAM file does not exist, so we will not open it {"Path":"O:{16}"}	
05/10/2025 22:04:32.553	EXCEL (0x3F60)	0x21D0	Microsoft Excel	Disco	4vzbo	Medium	SHAM file does not exist, so we will not open it {"Path":"O:{17}"}	
05/10/2025 22:04:32.553	EXCEL (0x3F60)	0x21D0	Microsoft Excel	Disco	4vzbo	Medium	SHAM file does not exist, so we will not open it {"Path":"O:{18}"}	
05/10/2025 22:04:32.553	EXCEL (0x3F60)	0x21D0	Microsoft Excel	Disco	4vzbo	Medium	SHAM file does not exist, so we will not open it {"Path":"O:{19}"}	
05/10/2025 22:04:32.553	EXCEL (0x3F60)	0x21D0	Microsoft Excel	Disco	4vzbo	Medium	SHAM file does not exist, so we will not open it {"Path":"O:{20}"}	
05/10/2025 22:04:32.553	EXCEL (0x3F60)	0x21D0	Microsoft Excel	Disco	4vzbo	Medium	SHAM file does not exist, so we will not open it {"Path":"O:{21}"}	
05/10/2025 22:04:32.553	EXCEL (0x3F60)	0x21D0	Microsoft Excel	Disco	4vzbo	Medium	SHAM file does not exist, so we will not open it {"Path":"O:{22}"}	
05/10/2025 22:04:32.553	EXCEL (0x3F60)	0x21D0	Microsoft Excel	Syzygy	912b2	Medium	Destroying namespace. {"Path":"O:{23}"}	
05/10/2025 22:04:32.561	EXCEL (0x3F60)	0x21D0	Microsoft Excel	Disco	4vzbo	Medium	SHAM file does not exist, so we will not open it {"Path":"O:{24}"}	
05/10/2025 22:04:32.561	EXCEL (0x3F60)	0x21D0	Microsoft Excel	Disco	4vzbo	Medium	SHAM file does not exist, so we will not open it {"Path":"O:{25}"}	
05/10/2025 22:04:32.561	EXCEL (0x3F60)	0x21D0	Microsoft Excel	Disco	4vzbo	Medium	SHAM file does not exist, so we will not open it {"Path":"O:{26}"}	
05/10/2025 22:04:32.561	EXCEL (0x3F60)	0x21D0	Microsoft Excel	Disco	4vzbo	Medium	SHAM file does not exist, so we will not open it {"Path":"O:{27}"}	
05/10/2025 22:04:32.561	EXCEL (0x3F60)	0x21D0	Microsoft Excel	Disco	4vzbo	Medium	SHAM file does not exist, so we will not open it {"Path":"O:{28}"}	
05/10/2025 22:04:32.561	EXCEL (0x3F60)	0x21D0	Microsoft Excel	Disco	4vzbo	Medium	SHAM file does not exist, so we will not open it {"Path":"O:{29}"}	
05/10/2025 22:04:32.561	EXCEL (0x3F60)	0x21D0	Microsoft Excel	Disco	4vzbo	Medium	SHAM file does not exist, so we will not open it {"Path":"O:{30}"}	
05/10/2025 22:04:32.561	EXCEL (0x3F60)	0x21D0	Microsoft Excel	Disco	4vzbo	Medium	SHAM file does not exist, so we will not open it {"Path":"O:{31}"}	
05/10/2025 22:04:32.561	EXCEL (0x3F60)	0x21D0	Microsoft Excel	Disco	4vzbo	Medium	SHAM file does not exist, so we will not open it {"Path":"O:{32}"}	
05/10/2025 22:04:32.561	EXCEL (0x3F60)	0x21D0	Microsoft Excel	Disco	4vzbo	Medium	SHAM file does not exist, so we will not open it {"Path":"O:{33}"}	
05/10/2025 22:04:32.561	EXCEL (0x3F60)	0x21D0	Microsoft Excel	Disco	4vzbo	Medium	SHAM file does not exist, so we will not open it {"Path":"O:{34}"}	
05/10/2025 22:04:32.561	EXCEL (0x3F60)	0x21D0	Microsoft Excel	Syzygy	912b2	Medium	Destroying namespace. {"Path":"O:{35}"}	
05/10/2025 22:04:34.561	EXCEL (0x3F60)	0x42EC	Microsoft Excel	Licensing client liblet	a46x2	Medium	HeartbeatAdapter::GetHeartbeatCacheFile - HeartbeatAdapter: Cache file location {"HeartbeatCacheFilePath":"C:\\ProgramData\\Microsoft\\Office\\Heartbeat"}	
05/10/2025 22:04:34.564	EXCEL (0x3F60)	0x42EC	Microsoft Excel	Next user licensing	5nucd	Medium	LicenseFetcher::GetLicense {"UserId":"94184db4c2954cab"}	
05/10/2025 22:04:37.538	EXCEL (0x3F60)	0x345C	Microsoft Excel	ODP Sandbox Activation	5d7xn	Monitorable	Task to cleanUp the OsfControl for PreWarm WV2 {"PredictedDelayForPreWarmWV2":300}	
05/10/2025 22:06:21.384	EXCEL (0x3F60)	0x444	Microsoft Excel	Syzygy	912b2	Medium	Destroying namespace. {"Path":"O:{11}"}	
